<?xml version="1.0" encoding="UTF-8"?>
<!-- Generated by org.testng.reporters.JUnitXMLReporter -->
<testsuite ignored="2" hostname="3101LW00037" failures="3" tests="6" name="Surefire test" time="32.001" errors="0" timestamp="01 нояб. 2020 13:13:17 GMT">
  <testcase classname="io.ctdev.tests.login.LoginToJuiceShopTests" name="userIsAbleToLoginToShop" time="1.974"/>
  <testcase classname="io.ctdev.tests.login.LoginToJuiceShopTests" name="userIsAbleToLoginToShopWithFluentInterface" time="1.081">
    <failure type="org.openqa.selenium.ElementClickInterceptedException" message="element click intercepted: Element &amp;lt;button _ngcontent-eca-c238=&amp;quot;&amp;quot; aria-haspopup=&amp;quot;true&amp;quot; mat-button=&amp;quot;&amp;quot; fxhide.lt-md=&amp;quot;&amp;quot; fxshow=&amp;quot;&amp;quot; aria-label=&amp;quot;Show/hide account menu&amp;quot; id=&amp;quot;navbarAccount&amp;quot; class=&amp;quot;mat-focus-indicator mat-menu-trigger buttons mat-button mat-button-base&amp;quot; style=&amp;quot;vertical-align: middle; height: 48px;&amp;quot; aria-expanded=&amp;quot;true&amp;quot; aria-controls=&amp;quot;mat-menu-panel-0&amp;quot;&amp;gt;...&amp;lt;/button&amp;gt; is not clickable at point (1272, 32). Other element would receive the click: &amp;lt;div class=&amp;quot;cdk-overlay-backdrop cdk-overlay-transparent-backdrop cdk-overlay-backdrop-showing&amp;quot;&amp;gt;&amp;lt;/div&amp;gt;
  (Session info: chrome=86.0.4240.111)
Build info: version: &amp;apos;3.141.59&amp;apos;, revision: &amp;apos;e82be7d358&amp;apos;, time: &amp;apos;2018-11-14T08:17:03&amp;apos;
System info: host: &amp;apos;3101LW00037&amp;apos;, ip: &amp;apos;192.168.100.106&amp;apos;, os.name: &amp;apos;Windows 10&amp;apos;, os.arch: &amp;apos;amd64&amp;apos;, os.version: &amp;apos;10.0&amp;apos;, java.version: &amp;apos;15&amp;apos;
Driver info: org.openqa.selenium.remote.RemoteWebDriver
Capabilities {acceptInsecureCerts: false, browserName: chrome, browserVersion: 86.0.4240.111, chrome: {chromedriverVersion: 86.0.4240.22 (398b0743353ff..., userDataDir: C:\Users\NATALI~1.SHA\AppDa...}, goog:chromeOptions: {debuggerAddress: localhost:54091}, javascriptEnabled: true, networkConnectionEnabled: false, pageLoadStrategy: normal, platform: WINDOWS, platformName: WINDOWS, proxy: Proxy(), setWindowRect: true, strictFileInteractability: false, timeouts: {implicit: 0, pageLoad: 300000, script: 30000}, unhandledPromptBehavior: dismiss and notify, webauthn:virtualAuthenticators: true, webdriver.remote.sessionid: 26c77fada94ae4e6682fe8d756a...}
Session ID: 26c77fada94ae4e6682fe8d756a0e4bc">
      <![CDATA[org.openqa.selenium.ElementClickInterceptedException: element click intercepted: Element <button _ngcontent-eca-c238="" aria-haspopup="true" mat-button="" fxhide.lt-md="" fxshow="" aria-label="Show/hide account menu" id="navbarAccount" class="mat-focus-indicator mat-menu-trigger buttons mat-button mat-button-base" style="vertical-align: middle; height: 48px;" aria-expanded="true" aria-controls="mat-menu-panel-0">...</button> is not clickable at point (1272, 32). Other element would receive the click: <div class="cdk-overlay-backdrop cdk-overlay-transparent-backdrop cdk-overlay-backdrop-showing"></div>
  (Session info: chrome=86.0.4240.111)
Build info: version: '3.141.59', revision: 'e82be7d358', time: '2018-11-14T08:17:03'
System info: host: '3101LW00037', ip: '192.168.100.106', os.name: 'Windows 10', os.arch: 'amd64', os.version: '10.0', java.version: '15'
Driver info: org.openqa.selenium.remote.RemoteWebDriver
Capabilities {acceptInsecureCerts: false, browserName: chrome, browserVersion: 86.0.4240.111, chrome: {chromedriverVersion: 86.0.4240.22 (398b0743353ff..., userDataDir: C:\Users\NATALI~1.SHA\AppDa...}, goog:chromeOptions: {debuggerAddress: localhost:54091}, javascriptEnabled: true, networkConnectionEnabled: false, pageLoadStrategy: normal, platform: WINDOWS, platformName: WINDOWS, proxy: Proxy(), setWindowRect: true, strictFileInteractability: false, timeouts: {implicit: 0, pageLoad: 300000, script: 30000}, unhandledPromptBehavior: dismiss and notify, webauthn:virtualAuthenticators: true, webdriver.remote.sessionid: 26c77fada94ae4e6682fe8d756a...}
Session ID: 26c77fada94ae4e6682fe8d756a0e4bc
at org.openqa.selenium.remote.http.W3CHttpResponseCodec.createException(W3CHttpResponseCodec.java:187)
at org.openqa.selenium.remote.http.W3CHttpResponseCodec.decode(W3CHttpResponseCodec.java:122)
at org.openqa.selenium.remote.http.W3CHttpResponseCodec.decode(W3CHttpResponseCodec.java:49)
at org.openqa.selenium.remote.HttpCommandExecutor.execute(HttpCommandExecutor.java:158)
at org.openqa.selenium.remote.RemoteWebDriver.execute(RemoteWebDriver.java:552)
at org.openqa.selenium.remote.RemoteWebElement.execute(RemoteWebElement.java:285)
at org.openqa.selenium.remote.RemoteWebElement.click(RemoteWebElement.java:84)
at io.ctdev.framework.pages.login.LoginFluentPage.clickOnAccountButton(LoginFluentPage.java:70)
at io.ctdev.tests.login.LoginToJuiceShopTests.userIsAbleToLoginToShopWithFluentInterface(LoginToJuiceShopTests.java:118)
... Removed 35 stack frames]]>
    </failure>
  </testcase> <!-- userIsAbleToLoginToShopWithFluentInterface -->
  <testcase classname="io.ctdev.tests.login.LoginToJuiceShopTests" name="userIsAbleToLoginToShopWithPageFactory" time="1.116">
    <failure type="org.openqa.selenium.ElementClickInterceptedException" message="element click intercepted: Element &amp;lt;button _ngcontent-eca-c238=&amp;quot;&amp;quot; aria-haspopup=&amp;quot;true&amp;quot; mat-button=&amp;quot;&amp;quot; fxhide.lt-md=&amp;quot;&amp;quot; fxshow=&amp;quot;&amp;quot; aria-label=&amp;quot;Show/hide account menu&amp;quot; id=&amp;quot;navbarAccount&amp;quot; class=&amp;quot;mat-focus-indicator mat-menu-trigger buttons mat-button mat-button-base&amp;quot; style=&amp;quot;vertical-align: middle; height: 48px;&amp;quot; aria-expanded=&amp;quot;true&amp;quot; aria-controls=&amp;quot;mat-menu-panel-0&amp;quot;&amp;gt;...&amp;lt;/button&amp;gt; is not clickable at point (1272, 32). Other element would receive the click: &amp;lt;div class=&amp;quot;cdk-overlay-backdrop cdk-overlay-transparent-backdrop cdk-overlay-backdrop-showing&amp;quot;&amp;gt;&amp;lt;/div&amp;gt;
  (Session info: chrome=86.0.4240.111)
Build info: version: &amp;apos;3.141.59&amp;apos;, revision: &amp;apos;e82be7d358&amp;apos;, time: &amp;apos;2018-11-14T08:17:03&amp;apos;
System info: host: &amp;apos;3101LW00037&amp;apos;, ip: &amp;apos;192.168.100.106&amp;apos;, os.name: &amp;apos;Windows 10&amp;apos;, os.arch: &amp;apos;amd64&amp;apos;, os.version: &amp;apos;10.0&amp;apos;, java.version: &amp;apos;15&amp;apos;
Driver info: org.openqa.selenium.remote.RemoteWebDriver
Capabilities {acceptInsecureCerts: false, browserName: chrome, browserVersion: 86.0.4240.111, chrome: {chromedriverVersion: 86.0.4240.22 (398b0743353ff..., userDataDir: C:\Users\NATALI~1.SHA\AppDa...}, goog:chromeOptions: {debuggerAddress: localhost:54091}, javascriptEnabled: true, networkConnectionEnabled: false, pageLoadStrategy: normal, platform: WINDOWS, platformName: WINDOWS, proxy: Proxy(), setWindowRect: true, strictFileInteractability: false, timeouts: {implicit: 0, pageLoad: 300000, script: 30000}, unhandledPromptBehavior: dismiss and notify, webauthn:virtualAuthenticators: true, webdriver.remote.sessionid: 26c77fada94ae4e6682fe8d756a...}
Session ID: 26c77fada94ae4e6682fe8d756a0e4bc">
      <![CDATA[org.openqa.selenium.ElementClickInterceptedException: element click intercepted: Element <button _ngcontent-eca-c238="" aria-haspopup="true" mat-button="" fxhide.lt-md="" fxshow="" aria-label="Show/hide account menu" id="navbarAccount" class="mat-focus-indicator mat-menu-trigger buttons mat-button mat-button-base" style="vertical-align: middle; height: 48px;" aria-expanded="true" aria-controls="mat-menu-panel-0">...</button> is not clickable at point (1272, 32). Other element would receive the click: <div class="cdk-overlay-backdrop cdk-overlay-transparent-backdrop cdk-overlay-backdrop-showing"></div>
  (Session info: chrome=86.0.4240.111)
Build info: version: '3.141.59', revision: 'e82be7d358', time: '2018-11-14T08:17:03'
System info: host: '3101LW00037', ip: '192.168.100.106', os.name: 'Windows 10', os.arch: 'amd64', os.version: '10.0', java.version: '15'
Driver info: org.openqa.selenium.remote.RemoteWebDriver
Capabilities {acceptInsecureCerts: false, browserName: chrome, browserVersion: 86.0.4240.111, chrome: {chromedriverVersion: 86.0.4240.22 (398b0743353ff..., userDataDir: C:\Users\NATALI~1.SHA\AppDa...}, goog:chromeOptions: {debuggerAddress: localhost:54091}, javascriptEnabled: true, networkConnectionEnabled: false, pageLoadStrategy: normal, platform: WINDOWS, platformName: WINDOWS, proxy: Proxy(), setWindowRect: true, strictFileInteractability: false, timeouts: {implicit: 0, pageLoad: 300000, script: 30000}, unhandledPromptBehavior: dismiss and notify, webauthn:virtualAuthenticators: true, webdriver.remote.sessionid: 26c77fada94ae4e6682fe8d756a...}
Session ID: 26c77fada94ae4e6682fe8d756a0e4bc
at org.openqa.selenium.remote.http.W3CHttpResponseCodec.createException(W3CHttpResponseCodec.java:187)
at org.openqa.selenium.remote.http.W3CHttpResponseCodec.decode(W3CHttpResponseCodec.java:122)
at org.openqa.selenium.remote.http.W3CHttpResponseCodec.decode(W3CHttpResponseCodec.java:49)
at org.openqa.selenium.remote.HttpCommandExecutor.execute(HttpCommandExecutor.java:158)
at org.openqa.selenium.remote.RemoteWebDriver.execute(RemoteWebDriver.java:552)
at org.openqa.selenium.remote.RemoteWebElement.execute(RemoteWebElement.java:285)
at org.openqa.selenium.remote.RemoteWebElement.click(RemoteWebElement.java:84)
at org.openqa.selenium.support.pagefactory.internal.LocatingElementHandler.invoke(LocatingElementHandler.java:51)
at com.sun.proxy.$Proxy16.click(Unknown Source)
at io.ctdev.framework.pages.login.LoginPageFactory.clickOnAccountButton(LoginPageFactory.java:91)
at io.ctdev.tests.login.LoginToJuiceShopTests.userIsAbleToLoginToShopWithPageFactory(LoginToJuiceShopTests.java:136)
... Removed 39 stack frames]]>
    </failure>
  </testcase> <!-- userIsAbleToLoginToShopWithPageFactory -->
  <testcase classname="io.ctdev.tests.login.MyFirstTest" name="searchWebElement" time="2.6"/>
  <testcase classname="io.ctdev.tests.login.MyFirstTest" name="shouldAnswerWithTrue" time="5.503"/>
  <testcase classname="io.ctdev.tests.login.TestLogin_Lesson_4" name="userIsAbleToLogin" time="1.022">
    <failure type="org.openqa.selenium.NoSuchSessionException" message="Session ID is null. Using WebDriver after calling quit()?
Build info: version: &amp;apos;3.141.59&amp;apos;, revision: &amp;apos;e82be7d358&amp;apos;, time: &amp;apos;2018-11-14T08:17:03&amp;apos;
System info: host: &amp;apos;3101LW00037&amp;apos;, ip: &amp;apos;192.168.100.106&amp;apos;, os.name: &amp;apos;Windows 10&amp;apos;, os.arch: &amp;apos;amd64&amp;apos;, os.version: &amp;apos;10.0&amp;apos;, java.version: &amp;apos;15&amp;apos;
Driver info: driver.version: RemoteWebDriver">
      <![CDATA[org.openqa.selenium.NoSuchSessionException: Session ID is null. Using WebDriver after calling quit()?
Build info: version: '3.141.59', revision: 'e82be7d358', time: '2018-11-14T08:17:03'
System info: host: '3101LW00037', ip: '192.168.100.106', os.name: 'Windows 10', os.arch: 'amd64', os.version: '10.0', java.version: '15'
Driver info: driver.version: RemoteWebDriver
at org.openqa.selenium.remote.HttpCommandExecutor.execute(HttpCommandExecutor.java:125)
at org.openqa.selenium.remote.RemoteWebDriver.execute(RemoteWebDriver.java:552)
at org.openqa.selenium.remote.RemoteWebDriver.findElement(RemoteWebDriver.java:323)
at org.openqa.selenium.remote.RemoteWebDriver.findElementByCssSelector(RemoteWebDriver.java:420)
at org.openqa.selenium.By$ByCssSelector.findElement(By.java:431)
at org.openqa.selenium.remote.RemoteWebDriver.findElement(RemoteWebDriver.java:315)
at org.openqa.selenium.support.ui.ExpectedConditions$6.apply(ExpectedConditions.java:182)
at org.openqa.selenium.support.ui.ExpectedConditions$6.apply(ExpectedConditions.java:179)
at org.openqa.selenium.support.ui.FluentWait.until(FluentWait.java:249)
at io.ctdev.framework.pages.login_HW.LoginFluent_Lesson_6.getCurrentLoggedUserName_hw6(LoginFluent_Lesson_6.java:40)
at io.ctdev.tests.login.TestLogin_Lesson_4.userIsAbleToLogin(TestLogin_Lesson_4.java:56)
... Removed 30 stack frames]]>
    </failure>
  </testcase> <!-- userIsAbleToLogin -->
  <testcase classname="io.ctdev.tests.BaseTest" name="@BeforeSuite setup2" time="0.0">
    <ignored/>
  </testcase> <!-- @BeforeSuite setup2 -->
  <testcase classname="io.ctdev.tests.BaseTest" name="@AfterSuite teardown" time="0.0">
    <ignored/>
  </testcase> <!-- @AfterSuite teardown -->
</testsuite> <!-- Surefire test -->
