<!DOCTYPE html PUBLIC "-//W3C//DTD XHTML 1.1//EN" "http://www.w3.org/TR/xhtml11/DTD/xhtml11.dtd">
<html xmlns="http://www.w3.org/1999/xhtml">
<head>
<meta http-equiv="content-type" content="text/html; charset=UTF-8"/>
<title>TestNG Report</title>
<style type="text/css">table {margin-bottom:10px;border-collapse:collapse;empty-cells:show}th,td {border:1px solid #009;padding:.25em .5em}th {vertical-align:bottom}td {vertical-align:top}table a {font-weight:bold}.stripe td {background-color: #E6EBF9}.num {text-align:right}.passedodd td {background-color: #3F3}.passedeven td {background-color: #0A0}.skippedodd td {background-color: #DDD}.skippedeven td {background-color: #CCC}.failedodd td,.attn {background-color: #F33}.failedeven td,.stripe .attn {background-color: #D00}.stacktrace {white-space:pre;font-family:monospace}.totop {font-size:85%;text-align:center;border-bottom:2px solid #000}.invisible {display:none}</style>
</head>
<body>
<table>
<tr><th>Test</th><th># Passed</th><th># Skipped</th><th># Failed</th><th>Time (ms)</th><th>Included Groups</th><th>Excluded Groups</th></tr>
<tr><th colspan="7">Surefire suite</th></tr>
<tr><td><a href="#t0">Surefire test</a></td><td class="num">3</td><td class="num">0</td><td class="num attn">3</td><td class="num">32Â 001</td><td></td><td></td></tr>
</table>
<table id='summary'><thead><tr><th>Class</th><th>Method</th><th>Start</th><th>Time (ms)</th></tr></thead><tbody><tr><th colspan="4">Surefire suite</th></tr></tbody><tbody id="t0"><tr><th colspan="4">Surefire test &#8212; failed</th></tr><tr class="failedeven"><td rowspan="2">io.ctdev.tests.login.LoginToJuiceShopTests</td><td><a href="#m0">userIsAbleToLoginToShopWithFluentInterface</a></td><td rowspan="1">1604236370945</td><td rowspan="1">1081</td></tr><tr class="failedeven"><td><a href="#m1">userIsAbleToLoginToShopWithPageFactory</a></td><td rowspan="1">1604236372042</td><td rowspan="1">1116</td></tr><tr class="failedodd"><td rowspan="1">io.ctdev.tests.login.TestLogin_Lesson_4</td><td><a href="#m2">userIsAbleToLogin</a></td><td rowspan="1">1604236396845</td><td rowspan="1">1022</td></tr><tr><th colspan="4">Surefire test &#8212; passed</th></tr><tr class="passedeven"><td rowspan="1">io.ctdev.tests.login.LoginToJuiceShopTests</td><td><a href="#m3">userIsAbleToLoginToShop</a></td><td rowspan="1">1604236368968</td><td rowspan="1">1974</td></tr><tr class="passedodd"><td rowspan="2">io.ctdev.tests.login.MyFirstTest</td><td><a href="#m4">searchWebElement</a></td><td rowspan="1">1604236379273</td><td rowspan="1">2600</td></tr><tr class="passedodd"><td><a href="#m5">shouldAnswerWithTrue</a></td><td rowspan="1">1604236381873</td><td rowspan="1">5503</td></tr></tbody>
</table>
<h2>Surefire test</h2><h3 id="m0">io.ctdev.tests.login.LoginToJuiceShopTests#userIsAbleToLoginToShopWithFluentInterface</h3><table class="result"><tr><th>Exception</th></tr><tr><td><div class="stacktrace">org.openqa.selenium.ElementClickInterceptedException: element click intercepted: Element &lt;button _ngcontent-eca-c238=&quot;&quot; aria-haspopup=&quot;true&quot; mat-button=&quot;&quot; fxhide.lt-md=&quot;&quot; fxshow=&quot;&quot; aria-label=&quot;Show/hide account menu&quot; id=&quot;navbarAccount&quot; class=&quot;mat-focus-indicator mat-menu-trigger buttons mat-button mat-button-base&quot; style=&quot;vertical-align: middle; height: 48px;&quot; aria-expanded=&quot;true&quot; aria-controls=&quot;mat-menu-panel-0&quot;&gt;...&lt;/button&gt; is not clickable at point (1272, 32). Other element would receive the click: &lt;div class=&quot;cdk-overlay-backdrop cdk-overlay-transparent-backdrop cdk-overlay-backdrop-showing&quot;&gt;&lt;/div&gt;
  (Session info: chrome=86.0.4240.111)
Build info: version: &apos;3.141.59&apos;, revision: &apos;e82be7d358&apos;, time: &apos;2018-11-14T08:17:03&apos;
System info: host: &apos;3101LW00037&apos;, ip: &apos;192.168.100.106&apos;, os.name: &apos;Windows 10&apos;, os.arch: &apos;amd64&apos;, os.version: &apos;10.0&apos;, java.version: &apos;15&apos;
Driver info: org.openqa.selenium.remote.RemoteWebDriver
Capabilities {acceptInsecureCerts: false, browserName: chrome, browserVersion: 86.0.4240.111, chrome: {chromedriverVersion: 86.0.4240.22 (398b0743353ff..., userDataDir: C:\Users\NATALI~1.SHA\AppDa...}, goog:chromeOptions: {debuggerAddress: localhost:54091}, javascriptEnabled: true, networkConnectionEnabled: false, pageLoadStrategy: normal, platform: WINDOWS, platformName: WINDOWS, proxy: Proxy(), setWindowRect: true, strictFileInteractability: false, timeouts: {implicit: 0, pageLoad: 300000, script: 30000}, unhandledPromptBehavior: dismiss and notify, webauthn:virtualAuthenticators: true, webdriver.remote.sessionid: 26c77fada94ae4e6682fe8d756a...}
Session ID: 26c77fada94ae4e6682fe8d756a0e4bc
	at org.openqa.selenium.remote.http.W3CHttpResponseCodec.createException(W3CHttpResponseCodec.java:187)
	at org.openqa.selenium.remote.http.W3CHttpResponseCodec.decode(W3CHttpResponseCodec.java:122)
	at org.openqa.selenium.remote.http.W3CHttpResponseCodec.decode(W3CHttpResponseCodec.java:49)
	at org.openqa.selenium.remote.HttpCommandExecutor.execute(HttpCommandExecutor.java:158)
	at org.openqa.selenium.remote.RemoteWebDriver.execute(RemoteWebDriver.java:552)
	at org.openqa.selenium.remote.RemoteWebElement.execute(RemoteWebElement.java:285)
	at org.openqa.selenium.remote.RemoteWebElement.click(RemoteWebElement.java:84)
	at io.ctdev.framework.pages.login.LoginFluentPage.clickOnAccountButton(LoginFluentPage.java:70)
	at io.ctdev.tests.login.LoginToJuiceShopTests.userIsAbleToLoginToShopWithFluentInterface(LoginToJuiceShopTests.java:118)
... Removed 35 stack frames</div></td></tr></table><p class="totop"><a href="#summary">back to summary</a></p>
<h3 id="m1">io.ctdev.tests.login.LoginToJuiceShopTests#userIsAbleToLoginToShopWithPageFactory</h3><table class="result"><tr><th>Exception</th></tr><tr><td><div class="stacktrace">org.openqa.selenium.ElementClickInterceptedException: element click intercepted: Element &lt;button _ngcontent-eca-c238=&quot;&quot; aria-haspopup=&quot;true&quot; mat-button=&quot;&quot; fxhide.lt-md=&quot;&quot; fxshow=&quot;&quot; aria-label=&quot;Show/hide account menu&quot; id=&quot;navbarAccount&quot; class=&quot;mat-focus-indicator mat-menu-trigger buttons mat-button mat-button-base&quot; style=&quot;vertical-align: middle; height: 48px;&quot; aria-expanded=&quot;true&quot; aria-controls=&quot;mat-menu-panel-0&quot;&gt;...&lt;/button&gt; is not clickable at point (1272, 32). Other element would receive the click: &lt;div class=&quot;cdk-overlay-backdrop cdk-overlay-transparent-backdrop cdk-overlay-backdrop-showing&quot;&gt;&lt;/div&gt;
  (Session info: chrome=86.0.4240.111)
Build info: version: &apos;3.141.59&apos;, revision: &apos;e82be7d358&apos;, time: &apos;2018-11-14T08:17:03&apos;
System info: host: &apos;3101LW00037&apos;, ip: &apos;192.168.100.106&apos;, os.name: &apos;Windows 10&apos;, os.arch: &apos;amd64&apos;, os.version: &apos;10.0&apos;, java.version: &apos;15&apos;
Driver info: org.openqa.selenium.remote.RemoteWebDriver
Capabilities {acceptInsecureCerts: false, browserName: chrome, browserVersion: 86.0.4240.111, chrome: {chromedriverVersion: 86.0.4240.22 (398b0743353ff..., userDataDir: C:\Users\NATALI~1.SHA\AppDa...}, goog:chromeOptions: {debuggerAddress: localhost:54091}, javascriptEnabled: true, networkConnectionEnabled: false, pageLoadStrategy: normal, platform: WINDOWS, platformName: WINDOWS, proxy: Proxy(), setWindowRect: true, strictFileInteractability: false, timeouts: {implicit: 0, pageLoad: 300000, script: 30000}, unhandledPromptBehavior: dismiss and notify, webauthn:virtualAuthenticators: true, webdriver.remote.sessionid: 26c77fada94ae4e6682fe8d756a...}
Session ID: 26c77fada94ae4e6682fe8d756a0e4bc
	at org.openqa.selenium.remote.http.W3CHttpResponseCodec.createException(W3CHttpResponseCodec.java:187)
	at org.openqa.selenium.remote.http.W3CHttpResponseCodec.decode(W3CHttpResponseCodec.java:122)
	at org.openqa.selenium.remote.http.W3CHttpResponseCodec.decode(W3CHttpResponseCodec.java:49)
	at org.openqa.selenium.remote.HttpCommandExecutor.execute(HttpCommandExecutor.java:158)
	at org.openqa.selenium.remote.RemoteWebDriver.execute(RemoteWebDriver.java:552)
	at org.openqa.selenium.remote.RemoteWebElement.execute(RemoteWebElement.java:285)
	at org.openqa.selenium.remote.RemoteWebElement.click(RemoteWebElement.java:84)
	at org.openqa.selenium.support.pagefactory.internal.LocatingElementHandler.invoke(LocatingElementHandler.java:51)
	at com.sun.proxy.$Proxy16.click(Unknown Source)
	at io.ctdev.framework.pages.login.LoginPageFactory.clickOnAccountButton(LoginPageFactory.java:91)
	at io.ctdev.tests.login.LoginToJuiceShopTests.userIsAbleToLoginToShopWithPageFactory(LoginToJuiceShopTests.java:136)
... Removed 39 stack frames</div></td></tr></table><p class="totop"><a href="#summary">back to summary</a></p>
<h3 id="m2">io.ctdev.tests.login.TestLogin_Lesson_4#userIsAbleToLogin</h3><table class="result"><tr><th>Exception</th></tr><tr><td><div class="stacktrace">org.openqa.selenium.NoSuchSessionException: Session ID is null. Using WebDriver after calling quit()?
Build info: version: &apos;3.141.59&apos;, revision: &apos;e82be7d358&apos;, time: &apos;2018-11-14T08:17:03&apos;
System info: host: &apos;3101LW00037&apos;, ip: &apos;192.168.100.106&apos;, os.name: &apos;Windows 10&apos;, os.arch: &apos;amd64&apos;, os.version: &apos;10.0&apos;, java.version: &apos;15&apos;
Driver info: driver.version: RemoteWebDriver
	at org.openqa.selenium.remote.HttpCommandExecutor.execute(HttpCommandExecutor.java:125)
	at org.openqa.selenium.remote.RemoteWebDriver.execute(RemoteWebDriver.java:552)
	at org.openqa.selenium.remote.RemoteWebDriver.findElement(RemoteWebDriver.java:323)
	at org.openqa.selenium.remote.RemoteWebDriver.findElementByCssSelector(RemoteWebDriver.java:420)
	at org.openqa.selenium.By$ByCssSelector.findElement(By.java:431)
	at org.openqa.selenium.remote.RemoteWebDriver.findElement(RemoteWebDriver.java:315)
	at org.openqa.selenium.support.ui.ExpectedConditions$6.apply(ExpectedConditions.java:182)
	at org.openqa.selenium.support.ui.ExpectedConditions$6.apply(ExpectedConditions.java:179)
	at org.openqa.selenium.support.ui.FluentWait.until(FluentWait.java:249)
	at io.ctdev.framework.pages.login_HW.LoginFluent_Lesson_6.getCurrentLoggedUserName_hw6(LoginFluent_Lesson_6.java:40)
	at io.ctdev.tests.login.TestLogin_Lesson_4.userIsAbleToLogin(TestLogin_Lesson_4.java:56)
... Removed 30 stack frames</div></td></tr></table><p class="totop"><a href="#summary">back to summary</a></p>
<h3 id="m3">io.ctdev.tests.login.LoginToJuiceShopTests#userIsAbleToLoginToShop</h3><table class="result"><tr><th class="invisible"/></tr></table><p class="totop"><a href="#summary">back to summary</a></p>
<h3 id="m4">io.ctdev.tests.login.MyFirstTest#searchWebElement</h3><table class="result"><tr><th class="invisible"/></tr></table><p class="totop"><a href="#summary">back to summary</a></p>
<h3 id="m5">io.ctdev.tests.login.MyFirstTest#shouldAnswerWithTrue</h3><table class="result"><tr><th class="invisible"/></tr></table><p class="totop"><a href="#summary">back to summary</a></p>
</body>
</html>
